The system is: Windows - 10.0.19044 - AMD64
Compiling the CXX compiler identification source file "CMakeCXXCompilerId.cpp" succeeded.
Compiler: D:/app/519/visual studio/VC/Tools/MSVC/14.33.31629/bin/Hostx86/x86/cl.exe 
Build flags: 
Id flags:  

The output was:
0
用于 x86 的 Microsoft (R) C/C++ 优化编译器 19.33.31630 版
版权所有(C) Microsoft Corporation。保留所有权利。

CMakeCXXCompilerId.cpp
Microsoft (R) Incremental Linker Version 14.33.31630.0
Copyright (C) Microsoft Corporation.  All rights reserved.

/out:CMakeCXXCompilerId.exe 
CMakeCXXCompilerId.obj 


Compilation of the CXX compiler identification source "CMakeCXXCompilerId.cpp" produced "CMakeCXXCompilerId.exe"

Compilation of the CXX compiler identification source "CMakeCXXCompilerId.cpp" produced "CMakeCXXCompilerId.obj"

The CXX compiler identification is MSVC, found in "D:/app/519/pico/CocktailMaker/build/pioasm/CMakeFiles/3.24.2/CompilerIdCXX/CMakeCXXCompilerId.exe"

Detecting CXX compiler ABI info compiled with the following output:
Change Dir: D:/app/519/pico/CocktailMaker/build/pioasm/CMakeFiles/CMakeTmp

Run Build Command(s):nmake -f Makefile /nologo cmTC_7ebfd\fast && 	"D:\app\519\visual studio\VC\Tools\MSVC\14.33.31629\bin\HostX86\x86\nmake.exe"  -f CMakeFiles\cmTC_7ebfd.dir\build.make /nologo -L                  CMakeFiles\cmTC_7ebfd.dir\build
Building CXX object CMakeFiles/cmTC_7ebfd.dir/CMakeCXXCompilerABI.cpp.obj
	D:\app\519\CMake\bin\cmake.exe -E cmake_cl_compile_depends --dep-file=CMakeFiles\cmTC_7ebfd.dir\CMakeCXXCompilerABI.cpp.obj.d --working-dir=D:\app\519\pico\CocktailMaker\build\pioasm\CMakeFiles\CMakeTmp --filter-prefix="注意: 包含文件:  " -- D:\app\519\VISUAL~1\VC\Tools\MSVC\1433~1.316\bin\Hostx86\x86\cl.exe @C:\Users\86184\AppData\Local\Temp\nm2CD2.tmp
CMakeCXXCompilerABI.cpp
?鈷? 鍖呭惈鏂囦欢:  D:\app\519\CMake\share\cmake-3.24\Modules\CMakeCompilerABI.h
Linking CXX executable cmTC_7ebfd.exe
	D:\app\519\CMake\bin\cmake.exe -E vs_link_exe --intdir=CMakeFiles\cmTC_7ebfd.dir --rc=D:\WINDOW~2\10\bin\100190~1.0\x86\rc.exe --mt=D:\WINDOW~2\10\bin\100190~1.0\x86\mt.exe --manifests -- D:\app\519\VISUAL~1\VC\Tools\MSVC\1433~1.316\bin\Hostx86\x86\link.exe /nologo @CMakeFiles\cmTC_7ebfd.dir\objects1.rsp @C:\Users\86184\AppData\Local\Temp\nm2E3A.tmp



